running egg_info
writing ../../build/mycobot_workspace_gui/mycobot_workspace_gui.egg-info/PKG-INFO
writing dependency_links to ../../build/mycobot_workspace_gui/mycobot_workspace_gui.egg-info/dependency_links.txt
writing entry points to ../../build/mycobot_workspace_gui/mycobot_workspace_gui.egg-info/entry_points.txt
writing requirements to ../../build/mycobot_workspace_gui/mycobot_workspace_gui.egg-info/requires.txt
writing top-level names to ../../build/mycobot_workspace_gui/mycobot_workspace_gui.egg-info/top_level.txt
reading manifest file '../../build/mycobot_workspace_gui/mycobot_workspace_gui.egg-info/SOURCES.txt'
writing manifest file '../../build/mycobot_workspace_gui/mycobot_workspace_gui.egg-info/SOURCES.txt'
running build
running build_py
copying mycobot_workspace_gui/gui_node.py -> /home/er/TA_JosephineD_2025/investigating_robot_ws/build/mycobot_workspace_gui/build/lib/mycobot_workspace_gui
running install
running install_lib
copying /home/er/TA_JosephineD_2025/investigating_robot_ws/build/mycobot_workspace_gui/build/lib/mycobot_workspace_gui/gui_node.py -> /home/er/TA_JosephineD_2025/investigating_robot_ws/install/mycobot_workspace_gui/lib/python3.8/site-packages/mycobot_workspace_gui
byte-compiling /home/er/TA_JosephineD_2025/investigating_robot_ws/install/mycobot_workspace_gui/lib/python3.8/site-packages/mycobot_workspace_gui/gui_node.py to gui_node.cpython-38.pyc
Sorry: IndentationError: unindent does not match any outer indentation level (gui_node.py, line 22)
running install_data
running install_egg_info
removing '/home/er/TA_JosephineD_2025/investigating_robot_ws/install/mycobot_workspace_gui/lib/python3.8/site-packages/mycobot_workspace_gui-0.0.0-py3.8.egg-info' (and everything under it)
Copying ../../build/mycobot_workspace_gui/mycobot_workspace_gui.egg-info to /home/er/TA_JosephineD_2025/investigating_robot_ws/install/mycobot_workspace_gui/lib/python3.8/site-packages/mycobot_workspace_gui-0.0.0-py3.8.egg-info
running install_scripts
Installing workspace_gui script to /home/er/TA_JosephineD_2025/investigating_robot_ws/install/mycobot_workspace_gui/lib/mycobot_workspace_gui
writing list of installed files to '/home/er/TA_JosephineD_2025/investigating_robot_ws/build/mycobot_workspace_gui/install.log'
