[0.766s] [34mcolcon[0m [1;30mDEBUG[0m [32mCommand line arguments: ['/usr/bin/colcon', 'build'][0m
[0.767s] [34mcolcon[0m [1;30mDEBUG[0m [32mParsed command line arguments: Namespace(allow_overriding=[], ament_cmake_args=None, base_paths=['.'], build_base='build', catkin_cmake_args=None, catkin_skip_building_tests=False, cmake_args=None, cmake_clean_cache=False, cmake_clean_first=False, cmake_force_configure=False, cmake_target=None, cmake_target_skip_unavailable=False, continue_on_error=False, event_handlers=None, executor='parallel', ignore_user_meta=False, install_base='install', log_base=None, log_level=None, main=<bound method BuildVerb.main of <colcon_core.verb.build.BuildVerb object at 0xffff7f5303d0>>, merge_install=False, metas=['./colcon.meta'], packages_above=None, packages_above_and_dependencies=None, packages_above_depth=None, packages_end=None, packages_ignore=None, packages_ignore_regex=None, packages_select=None, packages_select_build_failed=False, packages_select_by_dep=None, packages_select_regex=None, packages_select_test_failures=False, packages_skip=None, packages_skip_build_finished=False, packages_skip_by_dep=None, packages_skip_regex=None, packages_skip_test_passed=False, packages_skip_up_to=None, packages_start=None, packages_up_to=None, packages_up_to_regex=None, parallel_workers=4, paths=None, symlink_install=False, test_result_base=None, verb_extension=<colcon_core.verb.build.BuildVerb object at 0xffff7f5303d0>, verb_name='build', verb_parser=<colcon_defaults.argument_parser.defaults.DefaultArgumentsDecorator object at 0xffff7f530910>)[0m
[0.874s] [34mcolcon.colcon_core.package_discovery[0m [1;30mLevel 1[0m discover_packages(colcon_meta) check parameters
[0.874s] [34mcolcon.colcon_core.package_discovery[0m [1;30mLevel 1[0m discover_packages(recursive) check parameters
[0.875s] [34mcolcon.colcon_core.package_discovery[0m [1;30mLevel 1[0m discover_packages(ignore) check parameters
[0.875s] [34mcolcon.colcon_core.package_discovery[0m [1;30mLevel 1[0m discover_packages(path) check parameters
[0.875s] [34mcolcon.colcon_core.package_discovery[0m [1;30mLevel 1[0m discover_packages(colcon_meta) discover
[0.875s] [34mcolcon.colcon_core.package_discovery[0m [1;30mLevel 1[0m discover_packages(recursive) discover
[0.875s] [34mcolcon.colcon_core.package_discovery[0m [1;30mINFO[0m Crawling recursively for packages in '/home/er/TA_JosephineD_2025/investigating_robot_ws'
[0.876s] [34mcolcon.colcon_core.package_identification[0m [1;30mLevel 1[0m _identify(.) by extensions ['ignore', 'ignore_ament_install']
[0.876s] [34mcolcon.colcon_core.package_identification[0m [1;30mLevel 1[0m _identify(.) by extension 'ignore'
[0.876s] [34mcolcon.colcon_core.package_identification[0m [1;30mLevel 1[0m _identify(.) by extension 'ignore_ament_install'
[0.877s] [34mcolcon.colcon_core.package_identification[0m [1;30mLevel 1[0m _identify(.) by extensions ['colcon_pkg']
[0.877s] [34mcolcon.colcon_core.package_identification[0m [1;30mLevel 1[0m _identify(.) by extension 'colcon_pkg'
[0.877s] [34mcolcon.colcon_core.package_identification[0m [1;30mLevel 1[0m _identify(.) by extensions ['colcon_meta']
[0.877s] [34mcolcon.colcon_core.package_identification[0m [1;30mLevel 1[0m _identify(.) by extension 'colcon_meta'
[0.877s] [34mcolcon.colcon_core.package_identification[0m [1;30mLevel 1[0m _identify(.) by extensions ['ros']
[0.878s] [34mcolcon.colcon_core.package_identification[0m [1;30mLevel 1[0m _identify(.) by extension 'ros'
[0.963s] [34mcolcon.colcon_core.package_identification[0m [1;30mLevel 1[0m _identify(.) by extensions ['cmake', 'python']
[0.963s] [34mcolcon.colcon_core.package_identification[0m [1;30mLevel 1[0m _identify(.) by extension 'cmake'
[0.964s] [34mcolcon.colcon_core.package_identification[0m [1;30mLevel 1[0m _identify(.) by extension 'python'
[0.964s] [34mcolcon.colcon_core.package_identification[0m [1;30mLevel 1[0m _identify(.) by extensions ['python_setup_py']
[0.964s] [34mcolcon.colcon_core.package_identification[0m [1;30mLevel 1[0m _identify(.) by extension 'python_setup_py'
[0.965s] [34mcolcon.colcon_core.package_identification[0m [1;30mLevel 1[0m _identify(build) by extensions ['ignore', 'ignore_ament_install']
[0.965s] [34mcolcon.colcon_core.package_identification[0m [1;30mLevel 1[0m _identify(build) by extension 'ignore'
[0.965s] [34mcolcon.colcon_core.package_identification[0m [1;30mLevel 1[0m _identify(build) ignored
[0.966s] [34mcolcon.colcon_core.package_identification[0m [1;30mLevel 1[0m _identify(install) by extensions ['ignore', 'ignore_ament_install']
[0.966s] [34mcolcon.colcon_core.package_identification[0m [1;30mLevel 1[0m _identify(install) by extension 'ignore'
[0.967s] [34mcolcon.colcon_core.package_identification[0m [1;30mLevel 1[0m _identify(install) ignored
[0.967s] [34mcolcon.colcon_core.package_identification[0m [1;30mLevel 1[0m _identify(log) by extensions ['ignore', 'ignore_ament_install']
[0.967s] [34mcolcon.colcon_core.package_identification[0m [1;30mLevel 1[0m _identify(log) by extension 'ignore'
[0.968s] [34mcolcon.colcon_core.package_identification[0m [1;30mLevel 1[0m _identify(log) ignored
[0.968s] [34mcolcon.colcon_core.package_identification[0m [1;30mLevel 1[0m _identify(src) by extensions ['ignore', 'ignore_ament_install']
[0.968s] [34mcolcon.colcon_core.package_identification[0m [1;30mLevel 1[0m _identify(src) by extension 'ignore'
[0.968s] [34mcolcon.colcon_core.package_identification[0m [1;30mLevel 1[0m _identify(src) by extension 'ignore_ament_install'
[0.969s] [34mcolcon.colcon_core.package_identification[0m [1;30mLevel 1[0m _identify(src) by extensions ['colcon_pkg']
[0.969s] [34mcolcon.colcon_core.package_identification[0m [1;30mLevel 1[0m _identify(src) by extension 'colcon_pkg'
[0.969s] [34mcolcon.colcon_core.package_identification[0m [1;30mLevel 1[0m _identify(src) by extensions ['colcon_meta']
[0.969s] [34mcolcon.colcon_core.package_identification[0m [1;30mLevel 1[0m _identify(src) by extension 'colcon_meta'
[0.969s] [34mcolcon.colcon_core.package_identification[0m [1;30mLevel 1[0m _identify(src) by extensions ['ros']
[0.970s] [34mcolcon.colcon_core.package_identification[0m [1;30mLevel 1[0m _identify(src) by extension 'ros'
[0.970s] [34mcolcon.colcon_core.package_identification[0m [1;30mLevel 1[0m _identify(src) by extensions ['cmake', 'python']
[0.970s] [34mcolcon.colcon_core.package_identification[0m [1;30mLevel 1[0m _identify(src) by extension 'cmake'
[0.970s] [34mcolcon.colcon_core.package_identification[0m [1;30mLevel 1[0m _identify(src) by extension 'python'
[0.970s] [34mcolcon.colcon_core.package_identification[0m [1;30mLevel 1[0m _identify(src) by extensions ['python_setup_py']
[0.971s] [34mcolcon.colcon_core.package_identification[0m [1;30mLevel 1[0m _identify(src) by extension 'python_setup_py'
[0.971s] [34mcolcon.colcon_core.package_identification[0m [1;30mLevel 1[0m _identify(src/mycobot_workspace_gui) by extensions ['ignore', 'ignore_ament_install']
[0.972s] [34mcolcon.colcon_core.package_identification[0m [1;30mLevel 1[0m _identify(src/mycobot_workspace_gui) by extension 'ignore'
[0.972s] [34mcolcon.colcon_core.package_identification[0m [1;30mLevel 1[0m _identify(src/mycobot_workspace_gui) by extension 'ignore_ament_install'
[0.972s] [34mcolcon.colcon_core.package_identification[0m [1;30mLevel 1[0m _identify(src/mycobot_workspace_gui) by extensions ['colcon_pkg']
[0.972s] [34mcolcon.colcon_core.package_identification[0m [1;30mLevel 1[0m _identify(src/mycobot_workspace_gui) by extension 'colcon_pkg'
[0.972s] [34mcolcon.colcon_core.package_identification[0m [1;30mLevel 1[0m _identify(src/mycobot_workspace_gui) by extensions ['colcon_meta']
[0.972s] [34mcolcon.colcon_core.package_identification[0m [1;30mLevel 1[0m _identify(src/mycobot_workspace_gui) by extension 'colcon_meta'
[0.973s] [34mcolcon.colcon_core.package_identification[0m [1;30mLevel 1[0m _identify(src/mycobot_workspace_gui) by extensions ['ros']
[0.973s] [34mcolcon.colcon_core.package_identification[0m [1;30mLevel 1[0m _identify(src/mycobot_workspace_gui) by extension 'ros'
[0.983s] [34mcolcon.colcon_core.package_identification[0m [1;30mDEBUG[0m [32mPackage 'src/mycobot_workspace_gui' with type 'ros.ament_python' and name 'mycobot_workspace_gui'[0m
[0.984s] [34mcolcon.colcon_core.package_discovery[0m [1;30mLevel 1[0m discover_packages(recursive) using defaults
[0.984s] [34mcolcon.colcon_core.package_discovery[0m [1;30mLevel 1[0m discover_packages(ignore) discover
[0.984s] [34mcolcon.colcon_core.package_discovery[0m [1;30mLevel 1[0m discover_packages(ignore) using defaults
[0.984s] [34mcolcon.colcon_core.package_discovery[0m [1;30mLevel 1[0m discover_packages(path) discover
[0.984s] [34mcolcon.colcon_core.package_discovery[0m [1;30mLevel 1[0m discover_packages(path) using defaults
[1.071s] [34mcolcon.colcon_core.package_discovery[0m [1;30mLevel 1[0m discover_packages(prefix_path) check parameters
[1.071s] [34mcolcon.colcon_core.package_discovery[0m [1;30mLevel 1[0m discover_packages(prefix_path) discover
[1.091s] [34mcolcon.colcon_installed_package_information.package_discovery[0m [1;30mDEBUG[0m [32mFound 277 installed packages in /opt/ros/galactic[0m
[1.099s] [34mcolcon.colcon_core.package_discovery[0m [1;30mLevel 1[0m discover_packages(prefix_path) using defaults
[1.475s] [34mcolcon.colcon_core.verb[0m [1;30mLevel 5[0m set package 'mycobot_workspace_gui' build argument 'cmake_args' from command line to 'None'
[1.475s] [34mcolcon.colcon_core.verb[0m [1;30mLevel 5[0m set package 'mycobot_workspace_gui' build argument 'cmake_target' from command line to 'None'
[1.475s] [34mcolcon.colcon_core.verb[0m [1;30mLevel 5[0m set package 'mycobot_workspace_gui' build argument 'cmake_target_skip_unavailable' from command line to 'False'
[1.475s] [34mcolcon.colcon_core.verb[0m [1;30mLevel 5[0m set package 'mycobot_workspace_gui' build argument 'cmake_clean_cache' from command line to 'False'
[1.476s] [34mcolcon.colcon_core.verb[0m [1;30mLevel 5[0m set package 'mycobot_workspace_gui' build argument 'cmake_clean_first' from command line to 'False'
[1.476s] [34mcolcon.colcon_core.verb[0m [1;30mLevel 5[0m set package 'mycobot_workspace_gui' build argument 'cmake_force_configure' from command line to 'False'
[1.476s] [34mcolcon.colcon_core.verb[0m [1;30mLevel 5[0m set package 'mycobot_workspace_gui' build argument 'ament_cmake_args' from command line to 'None'
[1.476s] [34mcolcon.colcon_core.verb[0m [1;30mLevel 5[0m set package 'mycobot_workspace_gui' build argument 'catkin_cmake_args' from command line to 'None'
[1.476s] [34mcolcon.colcon_core.verb[0m [1;30mLevel 5[0m set package 'mycobot_workspace_gui' build argument 'catkin_skip_building_tests' from command line to 'False'
[1.476s] [34mcolcon.colcon_core.verb[0m [1;30mDEBUG[0m [32mBuilding package 'mycobot_workspace_gui' with the following arguments: {'ament_cmake_args': None, 'build_base': '/home/er/TA_JosephineD_2025/investigating_robot_ws/build/mycobot_workspace_gui', 'catkin_cmake_args': None, 'catkin_skip_building_tests': False, 'cmake_args': None, 'cmake_clean_cache': False, 'cmake_clean_first': False, 'cmake_force_configure': False, 'cmake_target': None, 'cmake_target_skip_unavailable': False, 'install_base': '/home/er/TA_JosephineD_2025/investigating_robot_ws/install/mycobot_workspace_gui', 'merge_install': False, 'path': '/home/er/TA_JosephineD_2025/investigating_robot_ws/src/mycobot_workspace_gui', 'symlink_install': False, 'test_result_base': None}[0m
[1.480s] [34mcolcon.colcon_core.executor[0m [1;30mINFO[0m Executing jobs using 'parallel' executor
[1.499s] [34mcolcon.colcon_parallel_executor.executor.parallel[0m [1;30mDEBUG[0m [32mrun_until_complete[0m
[1.500s] [34mcolcon.colcon_ros.task.ament_python.build[0m [1;30mINFO[0m Building ROS package in '/home/er/TA_JosephineD_2025/investigating_robot_ws/src/mycobot_workspace_gui' with build type 'ament_python'
[1.501s] [34mcolcon.colcon_core.shell[0m [1;30mLevel 1[0m create_environment_hook('mycobot_workspace_gui', 'ament_prefix_path')
[1.520s] [34mcolcon.colcon_core.plugin_system[0m [1;30mINFO[0m Skipping extension 'colcon_core.shell.bat': Not used on non-Windows systems
[1.521s] [34mcolcon.colcon_core.shell[0m [1;30mINFO[0m Creating environment hook '/home/er/TA_JosephineD_2025/investigating_robot_ws/install/mycobot_workspace_gui/share/mycobot_workspace_gui/hook/ament_prefix_path.ps1'
[1.524s] [34mcolcon.colcon_core.shell[0m [1;30mINFO[0m Creating environment descriptor '/home/er/TA_JosephineD_2025/investigating_robot_ws/install/mycobot_workspace_gui/share/mycobot_workspace_gui/hook/ament_prefix_path.dsv'
[1.526s] [34mcolcon.colcon_core.shell[0m [1;30mINFO[0m Creating environment hook '/home/er/TA_JosephineD_2025/investigating_robot_ws/install/mycobot_workspace_gui/share/mycobot_workspace_gui/hook/ament_prefix_path.sh'
[1.535s] [34mcolcon.colcon_core.shell[0m [1;30mINFO[0m Skip shell extension 'powershell' for command environment: Not usable outside of PowerShell
[1.535s] [34mcolcon.colcon_core.shell[0m [1;30mDEBUG[0m [32mSkip shell extension 'dsv' for command environment[0m
[2.843s] [34mcolcon.colcon_core.task.python.build[0m [1;30mINFO[0m Building Python package in '/home/er/TA_JosephineD_2025/investigating_robot_ws/src/mycobot_workspace_gui'
[2.850s] [34mcolcon.colcon_core.shell[0m [1;30mINFO[0m Skip shell extension 'powershell' for command environment: Not usable outside of PowerShell
[2.850s] [34mcolcon.colcon_core.shell[0m [1;30mDEBUG[0m [32mSkip shell extension 'dsv' for command environment[0m
[4.978s] [34mcolcon.colcon_core.event_handler.log_command[0m [1;30mDEBUG[0m [32mInvoking command in '/home/er/TA_JosephineD_2025/investigating_robot_ws/src/mycobot_workspace_gui': PYTHONPATH=/home/er/TA_JosephineD_2025/investigating_robot_ws/install/mycobot_workspace_gui/lib/python3.8/site-packages:${PYTHONPATH} /usr/bin/python3 setup.py egg_info --egg-base ../../build/mycobot_workspace_gui build --build-base /home/er/TA_JosephineD_2025/investigating_robot_ws/build/mycobot_workspace_gui/build install --prefix /home/er/TA_JosephineD_2025/investigating_robot_ws/install/mycobot_workspace_gui --record /home/er/TA_JosephineD_2025/investigating_robot_ws/build/mycobot_workspace_gui/install.log --single-version-externally-managed[0m
[6.564s] [34mcolcon.colcon_core.event_handler.log_command[0m [1;30mDEBUG[0m [32mInvoked command in '/home/er/TA_JosephineD_2025/investigating_robot_ws/src/mycobot_workspace_gui' returned '0': PYTHONPATH=/home/er/TA_JosephineD_2025/investigating_robot_ws/install/mycobot_workspace_gui/lib/python3.8/site-packages:${PYTHONPATH} /usr/bin/python3 setup.py egg_info --egg-base ../../build/mycobot_workspace_gui build --build-base /home/er/TA_JosephineD_2025/investigating_robot_ws/build/mycobot_workspace_gui/build install --prefix /home/er/TA_JosephineD_2025/investigating_robot_ws/install/mycobot_workspace_gui --record /home/er/TA_JosephineD_2025/investigating_robot_ws/build/mycobot_workspace_gui/install.log --single-version-externally-managed[0m
[6.586s] [34mcolcon.colcon_core.environment[0m [1;30mLevel 1[0m checking '/home/er/TA_JosephineD_2025/investigating_robot_ws/install/mycobot_workspace_gui' for CMake module files
[6.589s] [34mcolcon.colcon_core.environment[0m [1;30mLevel 1[0m checking '/home/er/TA_JosephineD_2025/investigating_robot_ws/install/mycobot_workspace_gui' for CMake config files
[6.592s] [34mcolcon.colcon_core.environment[0m [1;30mLevel 1[0m checking '/home/er/TA_JosephineD_2025/investigating_robot_ws/install/mycobot_workspace_gui/lib'
[6.593s] [34mcolcon.colcon_core.environment[0m [1;30mLevel 1[0m checking '/home/er/TA_JosephineD_2025/investigating_robot_ws/install/mycobot_workspace_gui/bin'
[6.594s] [34mcolcon.colcon_core.environment[0m [1;30mLevel 1[0m checking '/home/er/TA_JosephineD_2025/investigating_robot_ws/install/mycobot_workspace_gui/lib/pkgconfig/mycobot_workspace_gui.pc'
[6.595s] [34mcolcon.colcon_core.environment[0m [1;30mLevel 1[0m checking '/home/er/TA_JosephineD_2025/investigating_robot_ws/install/mycobot_workspace_gui/lib/python3.8/site-packages'
[6.595s] [34mcolcon.colcon_core.shell[0m [1;30mLevel 1[0m create_environment_hook('mycobot_workspace_gui', 'pythonpath')
[6.601s] [34mcolcon.colcon_core.shell[0m [1;30mINFO[0m Creating environment hook '/home/er/TA_JosephineD_2025/investigating_robot_ws/install/mycobot_workspace_gui/share/mycobot_workspace_gui/hook/pythonpath.ps1'
[6.603s] [34mcolcon.colcon_core.shell[0m [1;30mINFO[0m Creating environment descriptor '/home/er/TA_JosephineD_2025/investigating_robot_ws/install/mycobot_workspace_gui/share/mycobot_workspace_gui/hook/pythonpath.dsv'
[6.605s] [34mcolcon.colcon_core.shell[0m [1;30mINFO[0m Creating environment hook '/home/er/TA_JosephineD_2025/investigating_robot_ws/install/mycobot_workspace_gui/share/mycobot_workspace_gui/hook/pythonpath.sh'
[6.607s] [34mcolcon.colcon_core.environment[0m [1;30mLevel 1[0m checking '/home/er/TA_JosephineD_2025/investigating_robot_ws/install/mycobot_workspace_gui/bin'
[6.607s] [34mcolcon.colcon_core.environment[0m [1;30mLevel 1[0m create_environment_scripts_only(mycobot_workspace_gui)
[6.614s] [34mcolcon.colcon_core.shell[0m [1;30mINFO[0m Creating package script '/home/er/TA_JosephineD_2025/investigating_robot_ws/install/mycobot_workspace_gui/share/mycobot_workspace_gui/package.ps1'
[6.617s] [34mcolcon.colcon_core.shell[0m [1;30mINFO[0m Creating package descriptor '/home/er/TA_JosephineD_2025/investigating_robot_ws/install/mycobot_workspace_gui/share/mycobot_workspace_gui/package.dsv'
[6.620s] [34mcolcon.colcon_core.shell[0m [1;30mINFO[0m Creating package script '/home/er/TA_JosephineD_2025/investigating_robot_ws/install/mycobot_workspace_gui/share/mycobot_workspace_gui/package.sh'
[6.623s] [34mcolcon.colcon_core.shell[0m [1;30mINFO[0m Creating package script '/home/er/TA_JosephineD_2025/investigating_robot_ws/install/mycobot_workspace_gui/share/mycobot_workspace_gui/package.bash'
[6.626s] [34mcolcon.colcon_core.shell[0m [1;30mINFO[0m Creating package script '/home/er/TA_JosephineD_2025/investigating_robot_ws/install/mycobot_workspace_gui/share/mycobot_workspace_gui/package.zsh'
[6.629s] [34mcolcon.colcon_core.environment[0m [1;30mLevel 1[0m create_file_with_runtime_dependencies(/home/er/TA_JosephineD_2025/investigating_robot_ws/install/mycobot_workspace_gui/share/colcon-core/packages/mycobot_workspace_gui)
[6.631s] [34mcolcon.colcon_parallel_executor.executor.parallel[0m [1;30mDEBUG[0m [32mclosing loop[0m
[6.632s] [34mcolcon.colcon_parallel_executor.executor.parallel[0m [1;30mDEBUG[0m [32mloop closed[0m
[6.633s] [34mcolcon.colcon_parallel_executor.executor.parallel[0m [1;30mDEBUG[0m [32mrun_until_complete finished with '0'[0m
[6.633s] [34mcolcon.colcon_core.event_reactor[0m [1;30mDEBUG[0m [32mjoining thread[0m
[6.664s] [34mcolcon.colcon_core.plugin_system[0m [1;30mINFO[0m Skipping extension 'colcon_notification.desktop_notification.terminal_notifier': Not used on non-Darwin systems
[6.664s] [34mcolcon.colcon_core.plugin_system[0m [1;30mINFO[0m Skipping extension 'colcon_notification.desktop_notification.win32': Not used on non-Windows systems
[6.664s] [34mcolcon.colcon_notification.desktop_notification[0m [1;30mINFO[0m Sending desktop notification using 'notify2'
[7.036s] [34mcolcon.colcon_core.event_reactor[0m [1;30mDEBUG[0m [32mjoined thread[0m
[7.046s] [34mcolcon.colcon_core.shell[0m [1;30mINFO[0m Creating prefix script '/home/er/TA_JosephineD_2025/investigating_robot_ws/install/local_setup.ps1'
[7.068s] [34mcolcon.colcon_core.shell[0m [1;30mINFO[0m Creating prefix util module '/home/er/TA_JosephineD_2025/investigating_robot_ws/install/_local_setup_util_ps1.py'
[7.075s] [34mcolcon.colcon_core.shell[0m [1;30mINFO[0m Creating prefix chain script '/home/er/TA_JosephineD_2025/investigating_robot_ws/install/setup.ps1'
[7.084s] [34mcolcon.colcon_core.shell[0m [1;30mINFO[0m Creating prefix script '/home/er/TA_JosephineD_2025/investigating_robot_ws/install/local_setup.sh'
[7.088s] [34mcolcon.colcon_core.shell[0m [1;30mINFO[0m Creating prefix util module '/home/er/TA_JosephineD_2025/investigating_robot_ws/install/_local_setup_util_sh.py'
[7.092s] [34mcolcon.colcon_core.shell[0m [1;30mINFO[0m Creating prefix chain script '/home/er/TA_JosephineD_2025/investigating_robot_ws/install/setup.sh'
[7.101s] [34mcolcon.colcon_core.shell[0m [1;30mINFO[0m Creating prefix script '/home/er/TA_JosephineD_2025/investigating_robot_ws/install/local_setup.bash'
[7.104s] [34mcolcon.colcon_core.shell[0m [1;30mINFO[0m Creating prefix chain script '/home/er/TA_JosephineD_2025/investigating_robot_ws/install/setup.bash'
[7.113s] [34mcolcon.colcon_core.shell[0m [1;30mINFO[0m Creating prefix script '/home/er/TA_JosephineD_2025/investigating_robot_ws/install/local_setup.zsh'
[7.115s] [34mcolcon.colcon_core.shell[0m [1;30mINFO[0m Creating prefix chain script '/home/er/TA_JosephineD_2025/investigating_robot_ws/install/setup.zsh'
