[3.492s] Invoking command in '/home/er/TA_JosephineD_2025/investigating_robot_ws/src/mycobot_workspace_gui': PYTHONPATH=/home/er/TA_JosephineD_2025/investigating_robot_ws/install/mycobot_workspace_gui/lib/python3.8/site-packages:${PYTHONPATH} /usr/bin/python3 setup.py egg_info --egg-base ../../build/mycobot_workspace_gui build --build-base /home/er/TA_JosephineD_2025/investigating_robot_ws/build/mycobot_workspace_gui/build install --prefix /home/er/TA_JosephineD_2025/investigating_robot_ws/install/mycobot_workspace_gui --record /home/er/TA_JosephineD_2025/investigating_robot_ws/build/mycobot_workspace_gui/install.log --single-version-externally-managed
[4.713s] running egg_info
[4.716s] writing ../../build/mycobot_workspace_gui/mycobot_workspace_gui.egg-info/PKG-INFO
[4.717s] writing dependency_links to ../../build/mycobot_workspace_gui/mycobot_workspace_gui.egg-info/dependency_links.txt
[4.718s] writing entry points to ../../build/mycobot_workspace_gui/mycobot_workspace_gui.egg-info/entry_points.txt
[4.719s] writing requirements to ../../build/mycobot_workspace_gui/mycobot_workspace_gui.egg-info/requires.txt
[4.719s] writing top-level names to ../../build/mycobot_workspace_gui/mycobot_workspace_gui.egg-info/top_level.txt
[4.869s] reading manifest file '../../build/mycobot_workspace_gui/mycobot_workspace_gui.egg-info/SOURCES.txt'
[4.874s] writing manifest file '../../build/mycobot_workspace_gui/mycobot_workspace_gui.egg-info/SOURCES.txt'
[4.874s] running build
[4.875s] running build_py
[4.876s] copying mycobot_workspace_gui/gui_node.py -> /home/er/TA_JosephineD_2025/investigating_robot_ws/build/mycobot_workspace_gui/build/lib/mycobot_workspace_gui
[4.877s] running install
[4.880s] running install_lib
[4.885s] copying /home/er/TA_JosephineD_2025/investigating_robot_ws/build/mycobot_workspace_gui/build/lib/mycobot_workspace_gui/gui_node.py -> /home/er/TA_JosephineD_2025/investigating_robot_ws/install/mycobot_workspace_gui/lib/python3.8/site-packages/mycobot_workspace_gui
[4.888s] byte-compiling /home/er/TA_JosephineD_2025/investigating_robot_ws/install/mycobot_workspace_gui/lib/python3.8/site-packages/mycobot_workspace_gui/gui_node.py to gui_node.cpython-38.pyc
[4.896s] running install_data
[4.899s] running install_egg_info
[4.907s] removing '/home/er/TA_JosephineD_2025/investigating_robot_ws/install/mycobot_workspace_gui/lib/python3.8/site-packages/mycobot_workspace_gui-0.0.0-py3.8.egg-info' (and everything under it)
[4.909s] Copying ../../build/mycobot_workspace_gui/mycobot_workspace_gui.egg-info to /home/er/TA_JosephineD_2025/investigating_robot_ws/install/mycobot_workspace_gui/lib/python3.8/site-packages/mycobot_workspace_gui-0.0.0-py3.8.egg-info
[4.915s] running install_scripts
[4.982s] Installing workspace_gui script to /home/er/TA_JosephineD_2025/investigating_robot_ws/install/mycobot_workspace_gui/lib/mycobot_workspace_gui
[4.984s] writing list of installed files to '/home/er/TA_JosephineD_2025/investigating_robot_ws/build/mycobot_workspace_gui/install.log'
[5.089s] Invoked command in '/home/er/TA_JosephineD_2025/investigating_robot_ws/src/mycobot_workspace_gui' returned '0': PYTHONPATH=/home/er/TA_JosephineD_2025/investigating_robot_ws/install/mycobot_workspace_gui/lib/python3.8/site-packages:${PYTHONPATH} /usr/bin/python3 setup.py egg_info --egg-base ../../build/mycobot_workspace_gui build --build-base /home/er/TA_JosephineD_2025/investigating_robot_ws/build/mycobot_workspace_gui/build install --prefix /home/er/TA_JosephineD_2025/investigating_robot_ws/install/mycobot_workspace_gui --record /home/er/TA_JosephineD_2025/investigating_robot_ws/build/mycobot_workspace_gui/install.log --single-version-externally-managed
